  Assign1.cpp
c:\users\user\source\repos\computergraphics\assign1\assign1.cpp(59): warning C4244: '=': 'double'에서 'GLfloat'(으)로 변환하면서 데이터가 손실될 수 있습니다.
c:\users\user\source\repos\computergraphics\assign1\assign1.cpp(59): warning C4305: '+=': 'double'에서 'GLfloat'(으)로 잘립니다.
c:\users\user\source\repos\computergraphics\assign1\assign1.cpp(77): warning C4305: '인수': 'double'에서 'GLfloat'(으)로 잘립니다.
c:\users\user\source\repos\computergraphics\assign1\assign1.cpp(80): warning C4244: '인수': 'double'에서 'GLfloat'(으)로 변환하면서 데이터가 손실될 수 있습니다.
c:\users\user\source\repos\computergraphics\assign1\assign1.cpp(86): warning C4244: '인수': 'double'에서 'GLfloat'(으)로 변환하면서 데이터가 손실될 수 있습니다.
c:\users\user\source\repos\computergraphics\assign1\assign1.cpp(87): warning C4244: '인수': 'double'에서 'GLfloat'(으)로 변환하면서 데이터가 손실될 수 있습니다.
c:\users\user\source\repos\computergraphics\assign1\assign1.cpp(88): warning C4305: '인수': 'double'에서 'GLfloat'(으)로 잘립니다.
c:\users\user\source\repos\computergraphics\assign1\assign1.cpp(89): warning C4244: '인수': 'double'에서 'GLfloat'(으)로 변환하면서 데이터가 손실될 수 있습니다.
c:\users\user\source\repos\computergraphics\assign1\assign1.cpp(96): warning C4244: '인수': 'double'에서 'GLfloat'(으)로 변환하면서 데이터가 손실될 수 있습니다.
c:\users\user\source\repos\computergraphics\assign1\assign1.cpp(101): warning C4244: '인수': 'double'에서 'GLfloat'(으)로 변환하면서 데이터가 손실될 수 있습니다.
c:\users\user\source\repos\computergraphics\assign1\assign1.cpp(102): warning C4244: '인수': 'double'에서 'GLfloat'(으)로 변환하면서 데이터가 손실될 수 있습니다.
c:\users\user\source\repos\computergraphics\assign1\assign1.cpp(103): warning C4244: '인수': 'double'에서 'GLfloat'(으)로 변환하면서 데이터가 손실될 수 있습니다.
c:\users\user\source\repos\computergraphics\assign1\assign1.cpp(104): warning C4244: '인수': 'double'에서 'GLfloat'(으)로 변환하면서 데이터가 손실될 수 있습니다.
c:\users\user\source\repos\computergraphics\assign1\assign1.cpp(112): warning C4244: '인수': 'double'에서 'GLfloat'(으)로 변환하면서 데이터가 손실될 수 있습니다.
c:\users\user\source\repos\computergraphics\assign1\assign1.cpp(114): warning C4244: '인수': 'double'에서 'GLfloat'(으)로 변환하면서 데이터가 손실될 수 있습니다.
c:\users\user\source\repos\computergraphics\assign1\assign1.cpp(116): warning C4244: '인수': 'double'에서 'GLfloat'(으)로 변환하면서 데이터가 손실될 수 있습니다.
c:\users\user\source\repos\computergraphics\assign1\assign1.cpp(118): warning C4244: '인수': 'double'에서 'GLfloat'(으)로 변환하면서 데이터가 손실될 수 있습니다.
c:\users\user\source\repos\computergraphics\assign1\assign1.cpp(120): warning C4244: '인수': 'double'에서 'GLfloat'(으)로 변환하면서 데이터가 손실될 수 있습니다.
c:\users\user\source\repos\computergraphics\assign1\assign1.cpp(130): warning C4244: '인수': 'double'에서 'GLfloat'(으)로 변환하면서 데이터가 손실될 수 있습니다.
c:\users\user\source\repos\computergraphics\assign1\assign1.cpp(131): warning C4244: '인수': 'double'에서 'GLfloat'(으)로 변환하면서 데이터가 손실될 수 있습니다.
c:\users\user\source\repos\computergraphics\assign1\assign1.cpp(132): warning C4244: '인수': 'double'에서 'GLfloat'(으)로 변환하면서 데이터가 손실될 수 있습니다.
c:\users\user\source\repos\computergraphics\assign1\assign1.cpp(138): warning C4244: '인수': 'double'에서 'GLfloat'(으)로 변환하면서 데이터가 손실될 수 있습니다.
c:\users\user\source\repos\computergraphics\assign1\assign1.cpp(139): warning C4305: '인수': 'double'에서 'GLfloat'(으)로 잘립니다.
c:\users\user\source\repos\computergraphics\assign1\assign1.cpp(140): warning C4244: '인수': 'double'에서 'GLfloat'(으)로 변환하면서 데이터가 손실될 수 있습니다.
c:\users\user\source\repos\computergraphics\assign1\assign1.cpp(141): warning C4244: '인수': 'double'에서 'GLfloat'(으)로 변환하면서 데이터가 손실될 수 있습니다.
c:\users\user\source\repos\computergraphics\assign1\assign1.cpp(146): warning C4305: '인수': 'double'에서 'GLfloat'(으)로 잘립니다.
c:\users\user\source\repos\computergraphics\assign1\assign1.cpp(147): warning C4244: '인수': 'double'에서 'GLfloat'(으)로 변환하면서 데이터가 손실될 수 있습니다.
c:\users\user\source\repos\computergraphics\assign1\assign1.cpp(149): warning C4244: '인수': 'double'에서 'GLfloat'(으)로 변환하면서 데이터가 손실될 수 있습니다.
c:\users\user\source\repos\computergraphics\assign1\assign1.cpp(150): warning C4305: '인수': 'double'에서 'GLfloat'(으)로 잘립니다.
c:\users\user\source\repos\computergraphics\assign1\assign1.cpp(151): warning C4244: '인수': 'double'에서 'GLfloat'(으)로 변환하면서 데이터가 손실될 수 있습니다.
c:\users\user\source\repos\computergraphics\assign1\assign1.cpp(152): warning C4244: '인수': 'double'에서 'GLfloat'(으)로 변환하면서 데이터가 손실될 수 있습니다.
c:\users\user\source\repos\computergraphics\assign1\assign1.cpp(158): warning C4244: '인수': 'double'에서 'GLfloat'(으)로 변환하면서 데이터가 손실될 수 있습니다.
c:\users\user\source\repos\computergraphics\assign1\assign1.cpp(159): warning C4305: '인수': 'double'에서 'GLfloat'(으)로 잘립니다.
c:\users\user\source\repos\computergraphics\assign1\assign1.cpp(160): warning C4244: '인수': 'double'에서 'GLfloat'(으)로 변환하면서 데이터가 손실될 수 있습니다.
c:\users\user\source\repos\computergraphics\assign1\assign1.cpp(161): warning C4305: '인수': 'double'에서 'GLfloat'(으)로 잘립니다.
c:\users\user\source\repos\computergraphics\assign1\assign1.cpp(162): warning C4244: '인수': 'double'에서 'GLfloat'(으)로 변환하면서 데이터가 손실될 수 있습니다.
c:\users\user\source\repos\computergraphics\assign1\assign1.cpp(163): warning C4244: '인수': 'double'에서 'GLfloat'(으)로 변환하면서 데이터가 손실될 수 있습니다.
c:\users\user\source\repos\computergraphics\assign1\assign1.cpp(164): warning C4244: '인수': 'double'에서 'GLfloat'(으)로 변환하면서 데이터가 손실될 수 있습니다.
c:\users\user\source\repos\computergraphics\assign1\assign1.cpp(165): warning C4244: '인수': 'double'에서 'GLfloat'(으)로 변환하면서 데이터가 손실될 수 있습니다.
c:\users\user\source\repos\computergraphics\assign1\assign1.cpp(166): warning C4244: '인수': 'double'에서 'GLfloat'(으)로 변환하면서 데이터가 손실될 수 있습니다.
c:\users\user\source\repos\computergraphics\assign1\assign1.cpp(167): warning C4305: '인수': 'double'에서 'GLfloat'(으)로 잘립니다.
c:\users\user\source\repos\computergraphics\assign1\assign1.cpp(168): warning C4244: '인수': 'double'에서 'GLfloat'(으)로 변환하면서 데이터가 손실될 수 있습니다.
c:\users\user\source\repos\computergraphics\assign1\assign1.cpp(173): warning C4305: '인수': 'double'에서 'GLfloat'(으)로 잘립니다.
c:\users\user\source\repos\computergraphics\assign1\assign1.cpp(174): warning C4244: '인수': 'double'에서 'GLfloat'(으)로 변환하면서 데이터가 손실될 수 있습니다.
c:\users\user\source\repos\computergraphics\assign1\assign1.cpp(175): warning C4244: '인수': 'double'에서 'GLfloat'(으)로 변환하면서 데이터가 손실될 수 있습니다.
c:\users\user\source\repos\computergraphics\assign1\assign1.cpp(176): warning C4305: '인수': 'double'에서 'GLfloat'(으)로 잘립니다.
c:\users\user\source\repos\computergraphics\assign1\assign1.cpp(177): warning C4244: '인수': 'double'에서 'GLfloat'(으)로 변환하면서 데이터가 손실될 수 있습니다.
c:\users\user\source\repos\computergraphics\assign1\assign1.cpp(179): warning C4244: '인수': 'double'에서 'GLfloat'(으)로 변환하면서 데이터가 손실될 수 있습니다.
c:\users\user\source\repos\computergraphics\assign1\assign1.cpp(184): warning C4244: '인수': 'double'에서 'GLfloat'(으)로 변환하면서 데이터가 손실될 수 있습니다.
c:\users\user\source\repos\computergraphics\assign1\assign1.cpp(185): warning C4244: '인수': 'double'에서 'GLfloat'(으)로 변환하면서 데이터가 손실될 수 있습니다.
c:\users\user\source\repos\computergraphics\assign1\assign1.cpp(186): warning C4244: '인수': 'double'에서 'GLfloat'(으)로 변환하면서 데이터가 손실될 수 있습니다.
  Assign1.vcxproj -> C:\Users\User\source\repos\ComputerGraphics\x64\Debug\Assign1.exe
